<?xml version="1.0" encoding="UTF-8"?>
<!-- Generated by org.testng.reporters.JUnitXMLReporter -->
<testsuite hostname="aham" ignored="0" name="Test-3" tests="3" failures="0" timestamp="2023-03-08T16:53:15 IST" time="2.219" errors="0">
  <testcase name="@BeforeTest bcConfig" time="2.157" classname="vtiger.GenericUtilities.BaseClass">
    <failure type="org.openqa.selenium.SessionNotCreatedException" message="Could not start a new session. Response code 500. Message: Expected browser binary location, but unable to find binary in default location, no &amp;apos;moz:firefoxOptions.binary&amp;apos; capability provided, and no binary flag set on the command line
Build info: version: &amp;apos;4.4.0&amp;apos;, revision: &amp;apos;e5c75ed026a&amp;apos;
System info: host: &amp;apos;AHAM&amp;apos;, ip: &amp;apos;192.168.43.45&amp;apos;, os.name: &amp;apos;Windows 10&amp;apos;, os.arch: &amp;apos;amd64&amp;apos;, os.version: &amp;apos;10.0&amp;apos;, java.version: &amp;apos;1.8.0_291&amp;apos;
Driver info: org.openqa.selenium.firefox.FirefoxDriver
Command: [null, newSession {capabilities=[Capabilities {acceptInsecureCerts: true, browserName: firefox, moz:debuggerAddress: true, moz:firefoxOptions: {}}], desiredCapabilities=Capabilities {acceptInsecureCerts: true, browserName: firefox, moz:debuggerAddress: true, moz:firefoxOptions: {}}}]">
      <![CDATA[org.openqa.selenium.SessionNotCreatedException: Could not start a new session. Response code 500. Message: Expected browser binary location, but unable to find binary in default location, no 'moz:firefoxOptions.binary' capability provided, and no binary flag set on the command line
Build info: version: '4.4.0', revision: 'e5c75ed026a'
System info: host: 'AHAM', ip: '192.168.43.45', os.name: 'Windows 10', os.arch: 'amd64', os.version: '10.0', java.version: '1.8.0_291'
Driver info: org.openqa.selenium.firefox.FirefoxDriver
Command: [null, newSession {capabilities=[Capabilities {acceptInsecureCerts: true, browserName: firefox, moz:debuggerAddress: true, moz:firefoxOptions: {}}], desiredCapabilities=Capabilities {acceptInsecureCerts: true, browserName: firefox, moz:debuggerAddress: true, moz:firefoxOptions: {}}}]
at org.openqa.selenium.remote.ProtocolHandshake.createSession(ProtocolHandshake.java:144)
at org.openqa.selenium.remote.ProtocolHandshake.createSession(ProtocolHandshake.java:102)
at org.openqa.selenium.remote.ProtocolHandshake.createSession(ProtocolHandshake.java:67)
at org.openqa.selenium.remote.HttpCommandExecutor.execute(HttpCommandExecutor.java:156)
at org.openqa.selenium.remote.service.DriverCommandExecutor.invokeExecute(DriverCommandExecutor.java:167)
at org.openqa.selenium.remote.service.DriverCommandExecutor.execute(DriverCommandExecutor.java:142)
at org.openqa.selenium.remote.RemoteWebDriver.execute(RemoteWebDriver.java:547)
at org.openqa.selenium.remote.RemoteWebDriver.startSession(RemoteWebDriver.java:242)
at org.openqa.selenium.remote.RemoteWebDriver.<init>(RemoteWebDriver.java:157)
at org.openqa.selenium.firefox.FirefoxDriver.<init>(FirefoxDriver.java:110)
at org.openqa.selenium.firefox.FirefoxDriver.<init>(FirefoxDriver.java:98)
at org.openqa.selenium.firefox.FirefoxDriver.<init>(FirefoxDriver.java:94)
at vtiger.GenericUtilities.BaseClass.bcConfig(BaseClass.java:64)
at java.util.concurrent.FutureTask.run(FutureTask.java:266)
at java.util.concurrent.ThreadPoolExecutor.runWorker(ThreadPoolExecutor.java:1149)
at java.util.concurrent.ThreadPoolExecutor$Worker.run(ThreadPoolExecutor.java:624)
at java.lang.Thread.run(Thread.java:748)
... Removed 15 stack frames]]>
    </failure>
  </testcase> <!-- @BeforeTest bcConfig -->
  <testcase name="@BeforeMethod bmConfig" time="-1.678274595079E9" classname="vtiger.GenericUtilities.BaseClass">
    <skipped/>
  </testcase> <!-- @BeforeMethod bmConfig -->
  <testcase name="@AfterMethod amConfig" time="-1.678274595084E9" classname="vtiger.GenericUtilities.BaseClass">
    <skipped/>
  </testcase> <!-- @AfterMethod amConfig -->
  <testcase name="@BeforeMethod bmConfig" time="-1.678274595087E9" classname="vtiger.GenericUtilities.BaseClass">
    <skipped/>
  </testcase> <!-- @BeforeMethod bmConfig -->
  <testcase name="@AfterMethod amConfig" time="-1.678274595091E9" classname="vtiger.GenericUtilities.BaseClass">
    <skipped/>
  </testcase> <!-- @AfterMethod amConfig -->
  <testcase name="@BeforeMethod bmConfig" time="-1.678274595093E9" classname="vtiger.GenericUtilities.BaseClass">
    <skipped/>
  </testcase> <!-- @BeforeMethod bmConfig -->
  <testcase name="@AfterMethod amConfig" time="-1.678274595097E9" classname="vtiger.GenericUtilities.BaseClass">
    <skipped/>
  </testcase> <!-- @AfterMethod amConfig -->
  <testcase name="@AfterClass acConfig" time="-1.678274595099E9" classname="vtiger.GenericUtilities.BaseClass">
    <skipped/>
  </testcase> <!-- @AfterClass acConfig -->
  <testcase name="createOrg" time="0.0" classname="vTiger.Organizations.CreateOrganizationFinalScript">
    <skipped/>
  </testcase> <!-- createOrg -->
  <testcase name="demoSuite" time="0.0" classname="vTiger.Organizations.CreateOrganizationFinalScript">
    <skipped/>
  </testcase> <!-- demoSuite -->
  <testcase name="regionaltesting" time="0.0" classname="vTiger.Organizations.CreateOrganizationFinalScript">
    <skipped/>
  </testcase> <!-- regionaltesting -->
</testsuite> <!-- Test-3 -->
